ARM GAS  C:\Users\hungv\AppData\Local\Temp\ccEJgBr7.s 			page 1


   1              		.cpu cortex-m7
   2              		.eabi_attribute 28, 1
   3              		.eabi_attribute 20, 1
   4              		.eabi_attribute 21, 1
   5              		.eabi_attribute 23, 3
   6              		.eabi_attribute 24, 1
   7              		.eabi_attribute 25, 1
   8              		.eabi_attribute 26, 1
   9              		.eabi_attribute 30, 1
  10              		.eabi_attribute 34, 1
  11              		.eabi_attribute 18, 4
  12              		.file	"stm32f7xx_hal_msp.c"
  13              		.text
  14              	.Ltext0:
  15              		.cfi_sections	.debug_frame
  16              		.section	.text.HAL_MspInit,"ax",%progbits
  17              		.align	1
  18              		.global	HAL_MspInit
  19              		.arch armv7e-m
  20              		.syntax unified
  21              		.thumb
  22              		.thumb_func
  23              		.fpu fpv5-d16
  25              	HAL_MspInit:
  26              	.LFB141:
  27              		.file 1 "Src/stm32f7xx_hal_msp.c"
   1:Src/stm32f7xx_hal_msp.c **** /* USER CODE BEGIN Header */
   2:Src/stm32f7xx_hal_msp.c **** /**
   3:Src/stm32f7xx_hal_msp.c ****   ******************************************************************************
   4:Src/stm32f7xx_hal_msp.c ****   * File Name          : stm32f7xx_hal_msp.c
   5:Src/stm32f7xx_hal_msp.c ****   * Description        : This file provides code for the MSP Initialization 
   6:Src/stm32f7xx_hal_msp.c ****   *                      and de-Initialization codes.
   7:Src/stm32f7xx_hal_msp.c ****   ******************************************************************************
   8:Src/stm32f7xx_hal_msp.c ****   * @attention
   9:Src/stm32f7xx_hal_msp.c ****   *
  10:Src/stm32f7xx_hal_msp.c ****   * <h2><center>&copy; Copyright (c) 2020 STMicroelectronics.
  11:Src/stm32f7xx_hal_msp.c ****   * All rights reserved.</center></h2>
  12:Src/stm32f7xx_hal_msp.c ****   *
  13:Src/stm32f7xx_hal_msp.c ****   * This software component is licensed by ST under BSD 3-Clause license,
  14:Src/stm32f7xx_hal_msp.c ****   * the "License"; You may not use this file except in compliance with the
  15:Src/stm32f7xx_hal_msp.c ****   * License. You may obtain a copy of the License at:
  16:Src/stm32f7xx_hal_msp.c ****   *                        opensource.org/licenses/BSD-3-Clause
  17:Src/stm32f7xx_hal_msp.c ****   *
  18:Src/stm32f7xx_hal_msp.c ****   ******************************************************************************
  19:Src/stm32f7xx_hal_msp.c ****   */
  20:Src/stm32f7xx_hal_msp.c **** /* USER CODE END Header */
  21:Src/stm32f7xx_hal_msp.c **** 
  22:Src/stm32f7xx_hal_msp.c **** /* Includes ------------------------------------------------------------------*/
  23:Src/stm32f7xx_hal_msp.c **** #include "main.h"
  24:Src/stm32f7xx_hal_msp.c **** /* USER CODE BEGIN Includes */
  25:Src/stm32f7xx_hal_msp.c **** 
  26:Src/stm32f7xx_hal_msp.c **** /* USER CODE END Includes */
  27:Src/stm32f7xx_hal_msp.c **** 
  28:Src/stm32f7xx_hal_msp.c **** /* Private typedef -----------------------------------------------------------*/
  29:Src/stm32f7xx_hal_msp.c **** /* USER CODE BEGIN TD */
  30:Src/stm32f7xx_hal_msp.c **** 
  31:Src/stm32f7xx_hal_msp.c **** /* USER CODE END TD */
ARM GAS  C:\Users\hungv\AppData\Local\Temp\ccEJgBr7.s 			page 2


  32:Src/stm32f7xx_hal_msp.c **** 
  33:Src/stm32f7xx_hal_msp.c **** /* Private define ------------------------------------------------------------*/
  34:Src/stm32f7xx_hal_msp.c **** /* USER CODE BEGIN Define */
  35:Src/stm32f7xx_hal_msp.c ****  
  36:Src/stm32f7xx_hal_msp.c **** /* USER CODE END Define */
  37:Src/stm32f7xx_hal_msp.c **** 
  38:Src/stm32f7xx_hal_msp.c **** /* Private macro -------------------------------------------------------------*/
  39:Src/stm32f7xx_hal_msp.c **** /* USER CODE BEGIN Macro */
  40:Src/stm32f7xx_hal_msp.c **** 
  41:Src/stm32f7xx_hal_msp.c **** /* USER CODE END Macro */
  42:Src/stm32f7xx_hal_msp.c **** 
  43:Src/stm32f7xx_hal_msp.c **** /* Private variables ---------------------------------------------------------*/
  44:Src/stm32f7xx_hal_msp.c **** /* USER CODE BEGIN PV */
  45:Src/stm32f7xx_hal_msp.c **** 
  46:Src/stm32f7xx_hal_msp.c **** /* USER CODE END PV */
  47:Src/stm32f7xx_hal_msp.c **** 
  48:Src/stm32f7xx_hal_msp.c **** /* Private function prototypes -----------------------------------------------*/
  49:Src/stm32f7xx_hal_msp.c **** /* USER CODE BEGIN PFP */
  50:Src/stm32f7xx_hal_msp.c **** 
  51:Src/stm32f7xx_hal_msp.c **** /* USER CODE END PFP */
  52:Src/stm32f7xx_hal_msp.c **** 
  53:Src/stm32f7xx_hal_msp.c **** /* External functions --------------------------------------------------------*/
  54:Src/stm32f7xx_hal_msp.c **** /* USER CODE BEGIN ExternalFunctions */
  55:Src/stm32f7xx_hal_msp.c **** 
  56:Src/stm32f7xx_hal_msp.c **** /* USER CODE END ExternalFunctions */
  57:Src/stm32f7xx_hal_msp.c **** 
  58:Src/stm32f7xx_hal_msp.c **** /* USER CODE BEGIN 0 */
  59:Src/stm32f7xx_hal_msp.c **** 
  60:Src/stm32f7xx_hal_msp.c **** /* USER CODE END 0 */
  61:Src/stm32f7xx_hal_msp.c **** /**
  62:Src/stm32f7xx_hal_msp.c ****   * Initializes the Global MSP.
  63:Src/stm32f7xx_hal_msp.c ****   */
  64:Src/stm32f7xx_hal_msp.c **** void HAL_MspInit(void)
  65:Src/stm32f7xx_hal_msp.c **** {
  28              		.loc 1 65 1 view -0
  29              		.cfi_startproc
  30              		@ args = 0, pretend = 0, frame = 8
  31              		@ frame_needed = 0, uses_anonymous_args = 0
  32              		@ link register save eliminated.
  33 0000 82B0     		sub	sp, sp, #8
  34              	.LCFI0:
  35              		.cfi_def_cfa_offset 8
  66:Src/stm32f7xx_hal_msp.c ****   /* USER CODE BEGIN MspInit 0 */
  67:Src/stm32f7xx_hal_msp.c **** 
  68:Src/stm32f7xx_hal_msp.c ****   /* USER CODE END MspInit 0 */
  69:Src/stm32f7xx_hal_msp.c **** 
  70:Src/stm32f7xx_hal_msp.c ****   __HAL_RCC_PWR_CLK_ENABLE();
  36              		.loc 1 70 3 view .LVU1
  37              	.LBB2:
  38              		.loc 1 70 3 view .LVU2
  39              		.loc 1 70 3 view .LVU3
  40 0002 0A4B     		ldr	r3, .L3
  41 0004 1A6C     		ldr	r2, [r3, #64]
  42 0006 42F08052 		orr	r2, r2, #268435456
  43 000a 1A64     		str	r2, [r3, #64]
  44              		.loc 1 70 3 view .LVU4
  45 000c 1A6C     		ldr	r2, [r3, #64]
ARM GAS  C:\Users\hungv\AppData\Local\Temp\ccEJgBr7.s 			page 3


  46 000e 02F08052 		and	r2, r2, #268435456
  47 0012 0092     		str	r2, [sp]
  48              		.loc 1 70 3 view .LVU5
  49 0014 009A     		ldr	r2, [sp]
  50              	.LBE2:
  71:Src/stm32f7xx_hal_msp.c ****   __HAL_RCC_SYSCFG_CLK_ENABLE();
  51              		.loc 1 71 3 view .LVU6
  52              	.LBB3:
  53              		.loc 1 71 3 view .LVU7
  54              		.loc 1 71 3 view .LVU8
  55 0016 5A6C     		ldr	r2, [r3, #68]
  56 0018 42F48042 		orr	r2, r2, #16384
  57 001c 5A64     		str	r2, [r3, #68]
  58              		.loc 1 71 3 view .LVU9
  59 001e 5B6C     		ldr	r3, [r3, #68]
  60 0020 03F48043 		and	r3, r3, #16384
  61 0024 0193     		str	r3, [sp, #4]
  62              		.loc 1 71 3 view .LVU10
  63 0026 019B     		ldr	r3, [sp, #4]
  64              	.LBE3:
  72:Src/stm32f7xx_hal_msp.c **** 
  73:Src/stm32f7xx_hal_msp.c ****   /* System interrupt init*/
  74:Src/stm32f7xx_hal_msp.c **** 
  75:Src/stm32f7xx_hal_msp.c ****   /* USER CODE BEGIN MspInit 1 */
  76:Src/stm32f7xx_hal_msp.c **** 
  77:Src/stm32f7xx_hal_msp.c ****   /* USER CODE END MspInit 1 */
  78:Src/stm32f7xx_hal_msp.c **** }
  65              		.loc 1 78 1 is_stmt 0 view .LVU11
  66 0028 02B0     		add	sp, sp, #8
  67              	.LCFI1:
  68              		.cfi_def_cfa_offset 0
  69              		@ sp needed
  70 002a 7047     		bx	lr
  71              	.L4:
  72              		.align	2
  73              	.L3:
  74 002c 00380240 		.word	1073887232
  75              		.cfi_endproc
  76              	.LFE141:
  78              		.section	.text.HAL_ETH_MspInit,"ax",%progbits
  79              		.align	1
  80              		.global	HAL_ETH_MspInit
  81              		.syntax unified
  82              		.thumb
  83              		.thumb_func
  84              		.fpu fpv5-d16
  86              	HAL_ETH_MspInit:
  87              	.LVL0:
  88              	.LFB142:
  79:Src/stm32f7xx_hal_msp.c **** 
  80:Src/stm32f7xx_hal_msp.c **** /**
  81:Src/stm32f7xx_hal_msp.c **** * @brief ETH MSP Initialization
  82:Src/stm32f7xx_hal_msp.c **** * This function configures the hardware resources used in this example
  83:Src/stm32f7xx_hal_msp.c **** * @param heth: ETH handle pointer
  84:Src/stm32f7xx_hal_msp.c **** * @retval None
  85:Src/stm32f7xx_hal_msp.c **** */
  86:Src/stm32f7xx_hal_msp.c **** void HAL_ETH_MspInit(ETH_HandleTypeDef* heth)
ARM GAS  C:\Users\hungv\AppData\Local\Temp\ccEJgBr7.s 			page 4


  87:Src/stm32f7xx_hal_msp.c **** {
  89              		.loc 1 87 1 is_stmt 1 view -0
  90              		.cfi_startproc
  91              		@ args = 0, pretend = 0, frame = 48
  92              		@ frame_needed = 0, uses_anonymous_args = 0
  93              		.loc 1 87 1 is_stmt 0 view .LVU13
  94 0000 F0B5     		push	{r4, r5, r6, r7, lr}
  95              	.LCFI2:
  96              		.cfi_def_cfa_offset 20
  97              		.cfi_offset 4, -20
  98              		.cfi_offset 5, -16
  99              		.cfi_offset 6, -12
 100              		.cfi_offset 7, -8
 101              		.cfi_offset 14, -4
 102 0002 8DB0     		sub	sp, sp, #52
 103              	.LCFI3:
 104              		.cfi_def_cfa_offset 72
  88:Src/stm32f7xx_hal_msp.c ****   GPIO_InitTypeDef GPIO_InitStruct = {0};
 105              		.loc 1 88 3 is_stmt 1 view .LVU14
 106              		.loc 1 88 20 is_stmt 0 view .LVU15
 107 0004 0023     		movs	r3, #0
 108 0006 0793     		str	r3, [sp, #28]
 109 0008 0893     		str	r3, [sp, #32]
 110 000a 0993     		str	r3, [sp, #36]
 111 000c 0A93     		str	r3, [sp, #40]
 112 000e 0B93     		str	r3, [sp, #44]
  89:Src/stm32f7xx_hal_msp.c ****   if(heth->Instance==ETH)
 113              		.loc 1 89 3 is_stmt 1 view .LVU16
 114              		.loc 1 89 10 is_stmt 0 view .LVU17
 115 0010 0268     		ldr	r2, [r0]
 116              		.loc 1 89 5 view .LVU18
 117 0012 3A4B     		ldr	r3, .L9
 118 0014 9A42     		cmp	r2, r3
 119 0016 01D0     		beq	.L8
 120              	.LVL1:
 121              	.L5:
  90:Src/stm32f7xx_hal_msp.c ****   {
  91:Src/stm32f7xx_hal_msp.c ****   /* USER CODE BEGIN ETH_MspInit 0 */
  92:Src/stm32f7xx_hal_msp.c **** 
  93:Src/stm32f7xx_hal_msp.c ****   /* USER CODE END ETH_MspInit 0 */
  94:Src/stm32f7xx_hal_msp.c ****     /* Peripheral clock enable */
  95:Src/stm32f7xx_hal_msp.c ****     __HAL_RCC_ETH_CLK_ENABLE();
  96:Src/stm32f7xx_hal_msp.c ****   
  97:Src/stm32f7xx_hal_msp.c ****     __HAL_RCC_GPIOC_CLK_ENABLE();
  98:Src/stm32f7xx_hal_msp.c ****     __HAL_RCC_GPIOA_CLK_ENABLE();
  99:Src/stm32f7xx_hal_msp.c ****     __HAL_RCC_GPIOB_CLK_ENABLE();
 100:Src/stm32f7xx_hal_msp.c ****     __HAL_RCC_GPIOG_CLK_ENABLE();
 101:Src/stm32f7xx_hal_msp.c ****     /**ETH GPIO Configuration    
 102:Src/stm32f7xx_hal_msp.c ****     PC1     ------> ETH_MDC
 103:Src/stm32f7xx_hal_msp.c ****     PA1     ------> ETH_REF_CLK
 104:Src/stm32f7xx_hal_msp.c ****     PA2     ------> ETH_MDIO
 105:Src/stm32f7xx_hal_msp.c ****     PA7     ------> ETH_CRS_DV
 106:Src/stm32f7xx_hal_msp.c ****     PC4     ------> ETH_RXD0
 107:Src/stm32f7xx_hal_msp.c ****     PC5     ------> ETH_RXD1
 108:Src/stm32f7xx_hal_msp.c ****     PB13     ------> ETH_TXD1
 109:Src/stm32f7xx_hal_msp.c ****     PG11     ------> ETH_TX_EN
 110:Src/stm32f7xx_hal_msp.c ****     PG13     ------> ETH_TXD0 
ARM GAS  C:\Users\hungv\AppData\Local\Temp\ccEJgBr7.s 			page 5


 111:Src/stm32f7xx_hal_msp.c ****     */
 112:Src/stm32f7xx_hal_msp.c ****     GPIO_InitStruct.Pin = RMII_MDC_Pin|RMII_RXD0_Pin|RMII_RXD1_Pin;
 113:Src/stm32f7xx_hal_msp.c ****     GPIO_InitStruct.Mode = GPIO_MODE_AF_PP;
 114:Src/stm32f7xx_hal_msp.c ****     GPIO_InitStruct.Pull = GPIO_NOPULL;
 115:Src/stm32f7xx_hal_msp.c ****     GPIO_InitStruct.Speed = GPIO_SPEED_FREQ_VERY_HIGH;
 116:Src/stm32f7xx_hal_msp.c ****     GPIO_InitStruct.Alternate = GPIO_AF11_ETH;
 117:Src/stm32f7xx_hal_msp.c ****     HAL_GPIO_Init(GPIOC, &GPIO_InitStruct);
 118:Src/stm32f7xx_hal_msp.c **** 
 119:Src/stm32f7xx_hal_msp.c ****     GPIO_InitStruct.Pin = RMII_REF_CLK_Pin|RMII_MDIO_Pin|RMII_CRS_DV_Pin;
 120:Src/stm32f7xx_hal_msp.c ****     GPIO_InitStruct.Mode = GPIO_MODE_AF_PP;
 121:Src/stm32f7xx_hal_msp.c ****     GPIO_InitStruct.Pull = GPIO_NOPULL;
 122:Src/stm32f7xx_hal_msp.c ****     GPIO_InitStruct.Speed = GPIO_SPEED_FREQ_VERY_HIGH;
 123:Src/stm32f7xx_hal_msp.c ****     GPIO_InitStruct.Alternate = GPIO_AF11_ETH;
 124:Src/stm32f7xx_hal_msp.c ****     HAL_GPIO_Init(GPIOA, &GPIO_InitStruct);
 125:Src/stm32f7xx_hal_msp.c **** 
 126:Src/stm32f7xx_hal_msp.c ****     GPIO_InitStruct.Pin = RMII_TXD1_Pin;
 127:Src/stm32f7xx_hal_msp.c ****     GPIO_InitStruct.Mode = GPIO_MODE_AF_PP;
 128:Src/stm32f7xx_hal_msp.c ****     GPIO_InitStruct.Pull = GPIO_NOPULL;
 129:Src/stm32f7xx_hal_msp.c ****     GPIO_InitStruct.Speed = GPIO_SPEED_FREQ_VERY_HIGH;
 130:Src/stm32f7xx_hal_msp.c ****     GPIO_InitStruct.Alternate = GPIO_AF11_ETH;
 131:Src/stm32f7xx_hal_msp.c ****     HAL_GPIO_Init(RMII_TXD1_GPIO_Port, &GPIO_InitStruct);
 132:Src/stm32f7xx_hal_msp.c **** 
 133:Src/stm32f7xx_hal_msp.c ****     GPIO_InitStruct.Pin = RMII_TX_EN_Pin|RMII_TXD0_Pin;
 134:Src/stm32f7xx_hal_msp.c ****     GPIO_InitStruct.Mode = GPIO_MODE_AF_PP;
 135:Src/stm32f7xx_hal_msp.c ****     GPIO_InitStruct.Pull = GPIO_NOPULL;
 136:Src/stm32f7xx_hal_msp.c ****     GPIO_InitStruct.Speed = GPIO_SPEED_FREQ_VERY_HIGH;
 137:Src/stm32f7xx_hal_msp.c ****     GPIO_InitStruct.Alternate = GPIO_AF11_ETH;
 138:Src/stm32f7xx_hal_msp.c ****     HAL_GPIO_Init(GPIOG, &GPIO_InitStruct);
 139:Src/stm32f7xx_hal_msp.c **** 
 140:Src/stm32f7xx_hal_msp.c ****   /* USER CODE BEGIN ETH_MspInit 1 */
 141:Src/stm32f7xx_hal_msp.c **** 
 142:Src/stm32f7xx_hal_msp.c ****   /* USER CODE END ETH_MspInit 1 */
 143:Src/stm32f7xx_hal_msp.c ****   }
 144:Src/stm32f7xx_hal_msp.c **** 
 145:Src/stm32f7xx_hal_msp.c **** }
 122              		.loc 1 145 1 view .LVU19
 123 0018 0DB0     		add	sp, sp, #52
 124              	.LCFI4:
 125              		.cfi_remember_state
 126              		.cfi_def_cfa_offset 20
 127              		@ sp needed
 128 001a F0BD     		pop	{r4, r5, r6, r7, pc}
 129              	.LVL2:
 130              	.L8:
 131              	.LCFI5:
 132              		.cfi_restore_state
  95:Src/stm32f7xx_hal_msp.c ****   
 133              		.loc 1 95 5 is_stmt 1 view .LVU20
  95:Src/stm32f7xx_hal_msp.c ****   
 134              		.loc 1 95 5 view .LVU21
 135              	.LBB4:
  95:Src/stm32f7xx_hal_msp.c ****   
 136              		.loc 1 95 5 view .LVU22
  95:Src/stm32f7xx_hal_msp.c ****   
 137              		.loc 1 95 5 view .LVU23
 138 001c A3F59043 		sub	r3, r3, #18432
 139 0020 1A6B     		ldr	r2, [r3, #48]
ARM GAS  C:\Users\hungv\AppData\Local\Temp\ccEJgBr7.s 			page 6


 140 0022 42F00072 		orr	r2, r2, #33554432
 141 0026 1A63     		str	r2, [r3, #48]
  95:Src/stm32f7xx_hal_msp.c ****   
 142              		.loc 1 95 5 view .LVU24
 143 0028 1A6B     		ldr	r2, [r3, #48]
 144 002a 02F00072 		and	r2, r2, #33554432
 145 002e 0092     		str	r2, [sp]
  95:Src/stm32f7xx_hal_msp.c ****   
 146              		.loc 1 95 5 view .LVU25
 147 0030 009A     		ldr	r2, [sp]
 148              	.LBE4:
  95:Src/stm32f7xx_hal_msp.c ****   
 149              		.loc 1 95 5 view .LVU26
 150              	.LBB5:
  95:Src/stm32f7xx_hal_msp.c ****   
 151              		.loc 1 95 5 view .LVU27
  95:Src/stm32f7xx_hal_msp.c ****   
 152              		.loc 1 95 5 view .LVU28
 153 0032 1A6B     		ldr	r2, [r3, #48]
 154 0034 42F08062 		orr	r2, r2, #67108864
 155 0038 1A63     		str	r2, [r3, #48]
  95:Src/stm32f7xx_hal_msp.c ****   
 156              		.loc 1 95 5 view .LVU29
 157 003a 1A6B     		ldr	r2, [r3, #48]
 158 003c 02F08062 		and	r2, r2, #67108864
 159 0040 0192     		str	r2, [sp, #4]
  95:Src/stm32f7xx_hal_msp.c ****   
 160              		.loc 1 95 5 view .LVU30
 161 0042 019A     		ldr	r2, [sp, #4]
 162              	.LBE5:
  95:Src/stm32f7xx_hal_msp.c ****   
 163              		.loc 1 95 5 view .LVU31
 164              	.LBB6:
  95:Src/stm32f7xx_hal_msp.c ****   
 165              		.loc 1 95 5 view .LVU32
  95:Src/stm32f7xx_hal_msp.c ****   
 166              		.loc 1 95 5 view .LVU33
 167 0044 1A6B     		ldr	r2, [r3, #48]
 168 0046 42F00062 		orr	r2, r2, #134217728
 169 004a 1A63     		str	r2, [r3, #48]
  95:Src/stm32f7xx_hal_msp.c ****   
 170              		.loc 1 95 5 view .LVU34
 171 004c 1A6B     		ldr	r2, [r3, #48]
 172 004e 02F00062 		and	r2, r2, #134217728
 173 0052 0292     		str	r2, [sp, #8]
  95:Src/stm32f7xx_hal_msp.c ****   
 174              		.loc 1 95 5 view .LVU35
 175 0054 029A     		ldr	r2, [sp, #8]
 176              	.LBE6:
  97:Src/stm32f7xx_hal_msp.c ****     __HAL_RCC_GPIOA_CLK_ENABLE();
 177              		.loc 1 97 5 view .LVU36
 178              	.LBB7:
  97:Src/stm32f7xx_hal_msp.c ****     __HAL_RCC_GPIOA_CLK_ENABLE();
 179              		.loc 1 97 5 view .LVU37
  97:Src/stm32f7xx_hal_msp.c ****     __HAL_RCC_GPIOA_CLK_ENABLE();
 180              		.loc 1 97 5 view .LVU38
 181 0056 1A6B     		ldr	r2, [r3, #48]
ARM GAS  C:\Users\hungv\AppData\Local\Temp\ccEJgBr7.s 			page 7


 182 0058 42F00402 		orr	r2, r2, #4
 183 005c 1A63     		str	r2, [r3, #48]
  97:Src/stm32f7xx_hal_msp.c ****     __HAL_RCC_GPIOA_CLK_ENABLE();
 184              		.loc 1 97 5 view .LVU39
 185 005e 1A6B     		ldr	r2, [r3, #48]
 186 0060 02F00402 		and	r2, r2, #4
 187 0064 0392     		str	r2, [sp, #12]
  97:Src/stm32f7xx_hal_msp.c ****     __HAL_RCC_GPIOA_CLK_ENABLE();
 188              		.loc 1 97 5 view .LVU40
 189 0066 039A     		ldr	r2, [sp, #12]
 190              	.LBE7:
  98:Src/stm32f7xx_hal_msp.c ****     __HAL_RCC_GPIOB_CLK_ENABLE();
 191              		.loc 1 98 5 view .LVU41
 192              	.LBB8:
  98:Src/stm32f7xx_hal_msp.c ****     __HAL_RCC_GPIOB_CLK_ENABLE();
 193              		.loc 1 98 5 view .LVU42
  98:Src/stm32f7xx_hal_msp.c ****     __HAL_RCC_GPIOB_CLK_ENABLE();
 194              		.loc 1 98 5 view .LVU43
 195 0068 1A6B     		ldr	r2, [r3, #48]
 196 006a 42F00102 		orr	r2, r2, #1
 197 006e 1A63     		str	r2, [r3, #48]
  98:Src/stm32f7xx_hal_msp.c ****     __HAL_RCC_GPIOB_CLK_ENABLE();
 198              		.loc 1 98 5 view .LVU44
 199 0070 1A6B     		ldr	r2, [r3, #48]
 200 0072 02F00102 		and	r2, r2, #1
 201 0076 0492     		str	r2, [sp, #16]
  98:Src/stm32f7xx_hal_msp.c ****     __HAL_RCC_GPIOB_CLK_ENABLE();
 202              		.loc 1 98 5 view .LVU45
 203 0078 049A     		ldr	r2, [sp, #16]
 204              	.LBE8:
  99:Src/stm32f7xx_hal_msp.c ****     __HAL_RCC_GPIOG_CLK_ENABLE();
 205              		.loc 1 99 5 view .LVU46
 206              	.LBB9:
  99:Src/stm32f7xx_hal_msp.c ****     __HAL_RCC_GPIOG_CLK_ENABLE();
 207              		.loc 1 99 5 view .LVU47
  99:Src/stm32f7xx_hal_msp.c ****     __HAL_RCC_GPIOG_CLK_ENABLE();
 208              		.loc 1 99 5 view .LVU48
 209 007a 1A6B     		ldr	r2, [r3, #48]
 210 007c 42F00202 		orr	r2, r2, #2
 211 0080 1A63     		str	r2, [r3, #48]
  99:Src/stm32f7xx_hal_msp.c ****     __HAL_RCC_GPIOG_CLK_ENABLE();
 212              		.loc 1 99 5 view .LVU49
 213 0082 1A6B     		ldr	r2, [r3, #48]
 214 0084 02F00202 		and	r2, r2, #2
 215 0088 0592     		str	r2, [sp, #20]
  99:Src/stm32f7xx_hal_msp.c ****     __HAL_RCC_GPIOG_CLK_ENABLE();
 216              		.loc 1 99 5 view .LVU50
 217 008a 059A     		ldr	r2, [sp, #20]
 218              	.LBE9:
 100:Src/stm32f7xx_hal_msp.c ****     /**ETH GPIO Configuration    
 219              		.loc 1 100 5 view .LVU51
 220              	.LBB10:
 100:Src/stm32f7xx_hal_msp.c ****     /**ETH GPIO Configuration    
 221              		.loc 1 100 5 view .LVU52
 100:Src/stm32f7xx_hal_msp.c ****     /**ETH GPIO Configuration    
 222              		.loc 1 100 5 view .LVU53
 223 008c 1A6B     		ldr	r2, [r3, #48]
ARM GAS  C:\Users\hungv\AppData\Local\Temp\ccEJgBr7.s 			page 8


 224 008e 42F04002 		orr	r2, r2, #64
 225 0092 1A63     		str	r2, [r3, #48]
 100:Src/stm32f7xx_hal_msp.c ****     /**ETH GPIO Configuration    
 226              		.loc 1 100 5 view .LVU54
 227 0094 1B6B     		ldr	r3, [r3, #48]
 228 0096 03F04003 		and	r3, r3, #64
 229 009a 0693     		str	r3, [sp, #24]
 100:Src/stm32f7xx_hal_msp.c ****     /**ETH GPIO Configuration    
 230              		.loc 1 100 5 view .LVU55
 231 009c 069B     		ldr	r3, [sp, #24]
 232              	.LBE10:
 112:Src/stm32f7xx_hal_msp.c ****     GPIO_InitStruct.Mode = GPIO_MODE_AF_PP;
 233              		.loc 1 112 5 view .LVU56
 112:Src/stm32f7xx_hal_msp.c ****     GPIO_InitStruct.Mode = GPIO_MODE_AF_PP;
 234              		.loc 1 112 25 is_stmt 0 view .LVU57
 235 009e 3223     		movs	r3, #50
 236 00a0 0793     		str	r3, [sp, #28]
 113:Src/stm32f7xx_hal_msp.c ****     GPIO_InitStruct.Pull = GPIO_NOPULL;
 237              		.loc 1 113 5 is_stmt 1 view .LVU58
 113:Src/stm32f7xx_hal_msp.c ****     GPIO_InitStruct.Pull = GPIO_NOPULL;
 238              		.loc 1 113 26 is_stmt 0 view .LVU59
 239 00a2 0226     		movs	r6, #2
 240 00a4 0896     		str	r6, [sp, #32]
 114:Src/stm32f7xx_hal_msp.c ****     GPIO_InitStruct.Speed = GPIO_SPEED_FREQ_VERY_HIGH;
 241              		.loc 1 114 5 is_stmt 1 view .LVU60
 115:Src/stm32f7xx_hal_msp.c ****     GPIO_InitStruct.Alternate = GPIO_AF11_ETH;
 242              		.loc 1 115 5 view .LVU61
 115:Src/stm32f7xx_hal_msp.c ****     GPIO_InitStruct.Alternate = GPIO_AF11_ETH;
 243              		.loc 1 115 27 is_stmt 0 view .LVU62
 244 00a6 0325     		movs	r5, #3
 245 00a8 0A95     		str	r5, [sp, #40]
 116:Src/stm32f7xx_hal_msp.c ****     HAL_GPIO_Init(GPIOC, &GPIO_InitStruct);
 246              		.loc 1 116 5 is_stmt 1 view .LVU63
 116:Src/stm32f7xx_hal_msp.c ****     HAL_GPIO_Init(GPIOC, &GPIO_InitStruct);
 247              		.loc 1 116 31 is_stmt 0 view .LVU64
 248 00aa 0B24     		movs	r4, #11
 249 00ac 0B94     		str	r4, [sp, #44]
 117:Src/stm32f7xx_hal_msp.c **** 
 250              		.loc 1 117 5 is_stmt 1 view .LVU65
 251 00ae 07A9     		add	r1, sp, #28
 252 00b0 1348     		ldr	r0, .L9+4
 253              	.LVL3:
 117:Src/stm32f7xx_hal_msp.c **** 
 254              		.loc 1 117 5 is_stmt 0 view .LVU66
 255 00b2 FFF7FEFF 		bl	HAL_GPIO_Init
 256              	.LVL4:
 119:Src/stm32f7xx_hal_msp.c ****     GPIO_InitStruct.Mode = GPIO_MODE_AF_PP;
 257              		.loc 1 119 5 is_stmt 1 view .LVU67
 119:Src/stm32f7xx_hal_msp.c ****     GPIO_InitStruct.Mode = GPIO_MODE_AF_PP;
 258              		.loc 1 119 25 is_stmt 0 view .LVU68
 259 00b6 8623     		movs	r3, #134
 260 00b8 0793     		str	r3, [sp, #28]
 120:Src/stm32f7xx_hal_msp.c ****     GPIO_InitStruct.Pull = GPIO_NOPULL;
 261              		.loc 1 120 5 is_stmt 1 view .LVU69
 120:Src/stm32f7xx_hal_msp.c ****     GPIO_InitStruct.Pull = GPIO_NOPULL;
 262              		.loc 1 120 26 is_stmt 0 view .LVU70
 263 00ba 0896     		str	r6, [sp, #32]
ARM GAS  C:\Users\hungv\AppData\Local\Temp\ccEJgBr7.s 			page 9


 121:Src/stm32f7xx_hal_msp.c ****     GPIO_InitStruct.Speed = GPIO_SPEED_FREQ_VERY_HIGH;
 264              		.loc 1 121 5 is_stmt 1 view .LVU71
 121:Src/stm32f7xx_hal_msp.c ****     GPIO_InitStruct.Speed = GPIO_SPEED_FREQ_VERY_HIGH;
 265              		.loc 1 121 26 is_stmt 0 view .LVU72
 266 00bc 0027     		movs	r7, #0
 267 00be 0997     		str	r7, [sp, #36]
 122:Src/stm32f7xx_hal_msp.c ****     GPIO_InitStruct.Alternate = GPIO_AF11_ETH;
 268              		.loc 1 122 5 is_stmt 1 view .LVU73
 122:Src/stm32f7xx_hal_msp.c ****     GPIO_InitStruct.Alternate = GPIO_AF11_ETH;
 269              		.loc 1 122 27 is_stmt 0 view .LVU74
 270 00c0 0A95     		str	r5, [sp, #40]
 123:Src/stm32f7xx_hal_msp.c ****     HAL_GPIO_Init(GPIOA, &GPIO_InitStruct);
 271              		.loc 1 123 5 is_stmt 1 view .LVU75
 123:Src/stm32f7xx_hal_msp.c ****     HAL_GPIO_Init(GPIOA, &GPIO_InitStruct);
 272              		.loc 1 123 31 is_stmt 0 view .LVU76
 273 00c2 0B94     		str	r4, [sp, #44]
 124:Src/stm32f7xx_hal_msp.c **** 
 274              		.loc 1 124 5 is_stmt 1 view .LVU77
 275 00c4 07A9     		add	r1, sp, #28
 276 00c6 0F48     		ldr	r0, .L9+8
 277 00c8 FFF7FEFF 		bl	HAL_GPIO_Init
 278              	.LVL5:
 126:Src/stm32f7xx_hal_msp.c ****     GPIO_InitStruct.Mode = GPIO_MODE_AF_PP;
 279              		.loc 1 126 5 view .LVU78
 126:Src/stm32f7xx_hal_msp.c ****     GPIO_InitStruct.Mode = GPIO_MODE_AF_PP;
 280              		.loc 1 126 25 is_stmt 0 view .LVU79
 281 00cc 4FF40053 		mov	r3, #8192
 282 00d0 0793     		str	r3, [sp, #28]
 127:Src/stm32f7xx_hal_msp.c ****     GPIO_InitStruct.Pull = GPIO_NOPULL;
 283              		.loc 1 127 5 is_stmt 1 view .LVU80
 127:Src/stm32f7xx_hal_msp.c ****     GPIO_InitStruct.Pull = GPIO_NOPULL;
 284              		.loc 1 127 26 is_stmt 0 view .LVU81
 285 00d2 0896     		str	r6, [sp, #32]
 128:Src/stm32f7xx_hal_msp.c ****     GPIO_InitStruct.Speed = GPIO_SPEED_FREQ_VERY_HIGH;
 286              		.loc 1 128 5 is_stmt 1 view .LVU82
 128:Src/stm32f7xx_hal_msp.c ****     GPIO_InitStruct.Speed = GPIO_SPEED_FREQ_VERY_HIGH;
 287              		.loc 1 128 26 is_stmt 0 view .LVU83
 288 00d4 0997     		str	r7, [sp, #36]
 129:Src/stm32f7xx_hal_msp.c ****     GPIO_InitStruct.Alternate = GPIO_AF11_ETH;
 289              		.loc 1 129 5 is_stmt 1 view .LVU84
 129:Src/stm32f7xx_hal_msp.c ****     GPIO_InitStruct.Alternate = GPIO_AF11_ETH;
 290              		.loc 1 129 27 is_stmt 0 view .LVU85
 291 00d6 0A95     		str	r5, [sp, #40]
 130:Src/stm32f7xx_hal_msp.c ****     HAL_GPIO_Init(RMII_TXD1_GPIO_Port, &GPIO_InitStruct);
 292              		.loc 1 130 5 is_stmt 1 view .LVU86
 130:Src/stm32f7xx_hal_msp.c ****     HAL_GPIO_Init(RMII_TXD1_GPIO_Port, &GPIO_InitStruct);
 293              		.loc 1 130 31 is_stmt 0 view .LVU87
 294 00d8 0B94     		str	r4, [sp, #44]
 131:Src/stm32f7xx_hal_msp.c **** 
 295              		.loc 1 131 5 is_stmt 1 view .LVU88
 296 00da 07A9     		add	r1, sp, #28
 297 00dc 0A48     		ldr	r0, .L9+12
 298 00de FFF7FEFF 		bl	HAL_GPIO_Init
 299              	.LVL6:
 133:Src/stm32f7xx_hal_msp.c ****     GPIO_InitStruct.Mode = GPIO_MODE_AF_PP;
 300              		.loc 1 133 5 view .LVU89
 133:Src/stm32f7xx_hal_msp.c ****     GPIO_InitStruct.Mode = GPIO_MODE_AF_PP;
ARM GAS  C:\Users\hungv\AppData\Local\Temp\ccEJgBr7.s 			page 10


 301              		.loc 1 133 25 is_stmt 0 view .LVU90
 302 00e2 4FF42053 		mov	r3, #10240
 303 00e6 0793     		str	r3, [sp, #28]
 134:Src/stm32f7xx_hal_msp.c ****     GPIO_InitStruct.Pull = GPIO_NOPULL;
 304              		.loc 1 134 5 is_stmt 1 view .LVU91
 134:Src/stm32f7xx_hal_msp.c ****     GPIO_InitStruct.Pull = GPIO_NOPULL;
 305              		.loc 1 134 26 is_stmt 0 view .LVU92
 306 00e8 0896     		str	r6, [sp, #32]
 135:Src/stm32f7xx_hal_msp.c ****     GPIO_InitStruct.Speed = GPIO_SPEED_FREQ_VERY_HIGH;
 307              		.loc 1 135 5 is_stmt 1 view .LVU93
 135:Src/stm32f7xx_hal_msp.c ****     GPIO_InitStruct.Speed = GPIO_SPEED_FREQ_VERY_HIGH;
 308              		.loc 1 135 26 is_stmt 0 view .LVU94
 309 00ea 0997     		str	r7, [sp, #36]
 136:Src/stm32f7xx_hal_msp.c ****     GPIO_InitStruct.Alternate = GPIO_AF11_ETH;
 310              		.loc 1 136 5 is_stmt 1 view .LVU95
 136:Src/stm32f7xx_hal_msp.c ****     GPIO_InitStruct.Alternate = GPIO_AF11_ETH;
 311              		.loc 1 136 27 is_stmt 0 view .LVU96
 312 00ec 0A95     		str	r5, [sp, #40]
 137:Src/stm32f7xx_hal_msp.c ****     HAL_GPIO_Init(GPIOG, &GPIO_InitStruct);
 313              		.loc 1 137 5 is_stmt 1 view .LVU97
 137:Src/stm32f7xx_hal_msp.c ****     HAL_GPIO_Init(GPIOG, &GPIO_InitStruct);
 314              		.loc 1 137 31 is_stmt 0 view .LVU98
 315 00ee 0B94     		str	r4, [sp, #44]
 138:Src/stm32f7xx_hal_msp.c **** 
 316              		.loc 1 138 5 is_stmt 1 view .LVU99
 317 00f0 07A9     		add	r1, sp, #28
 318 00f2 0648     		ldr	r0, .L9+16
 319 00f4 FFF7FEFF 		bl	HAL_GPIO_Init
 320              	.LVL7:
 321              		.loc 1 145 1 is_stmt 0 view .LVU100
 322 00f8 8EE7     		b	.L5
 323              	.L10:
 324 00fa 00BF     		.align	2
 325              	.L9:
 326 00fc 00800240 		.word	1073905664
 327 0100 00080240 		.word	1073874944
 328 0104 00000240 		.word	1073872896
 329 0108 00040240 		.word	1073873920
 330 010c 00180240 		.word	1073879040
 331              		.cfi_endproc
 332              	.LFE142:
 334              		.section	.text.HAL_ETH_MspDeInit,"ax",%progbits
 335              		.align	1
 336              		.global	HAL_ETH_MspDeInit
 337              		.syntax unified
 338              		.thumb
 339              		.thumb_func
 340              		.fpu fpv5-d16
 342              	HAL_ETH_MspDeInit:
 343              	.LVL8:
 344              	.LFB143:
 146:Src/stm32f7xx_hal_msp.c **** 
 147:Src/stm32f7xx_hal_msp.c **** /**
 148:Src/stm32f7xx_hal_msp.c **** * @brief ETH MSP De-Initialization
 149:Src/stm32f7xx_hal_msp.c **** * This function freeze the hardware resources used in this example
 150:Src/stm32f7xx_hal_msp.c **** * @param heth: ETH handle pointer
 151:Src/stm32f7xx_hal_msp.c **** * @retval None
ARM GAS  C:\Users\hungv\AppData\Local\Temp\ccEJgBr7.s 			page 11


 152:Src/stm32f7xx_hal_msp.c **** */
 153:Src/stm32f7xx_hal_msp.c **** void HAL_ETH_MspDeInit(ETH_HandleTypeDef* heth)
 154:Src/stm32f7xx_hal_msp.c **** {
 345              		.loc 1 154 1 is_stmt 1 view -0
 346              		.cfi_startproc
 347              		@ args = 0, pretend = 0, frame = 0
 348              		@ frame_needed = 0, uses_anonymous_args = 0
 349              		.loc 1 154 1 is_stmt 0 view .LVU102
 350 0000 08B5     		push	{r3, lr}
 351              	.LCFI6:
 352              		.cfi_def_cfa_offset 8
 353              		.cfi_offset 3, -8
 354              		.cfi_offset 14, -4
 155:Src/stm32f7xx_hal_msp.c ****   if(heth->Instance==ETH)
 355              		.loc 1 155 3 is_stmt 1 view .LVU103
 356              		.loc 1 155 10 is_stmt 0 view .LVU104
 357 0002 0268     		ldr	r2, [r0]
 358              		.loc 1 155 5 view .LVU105
 359 0004 124B     		ldr	r3, .L15
 360 0006 9A42     		cmp	r2, r3
 361 0008 00D0     		beq	.L14
 362              	.LVL9:
 363              	.L11:
 156:Src/stm32f7xx_hal_msp.c ****   {
 157:Src/stm32f7xx_hal_msp.c ****   /* USER CODE BEGIN ETH_MspDeInit 0 */
 158:Src/stm32f7xx_hal_msp.c **** 
 159:Src/stm32f7xx_hal_msp.c ****   /* USER CODE END ETH_MspDeInit 0 */
 160:Src/stm32f7xx_hal_msp.c ****     /* Peripheral clock disable */
 161:Src/stm32f7xx_hal_msp.c ****     __HAL_RCC_ETH_CLK_DISABLE();
 162:Src/stm32f7xx_hal_msp.c ****   
 163:Src/stm32f7xx_hal_msp.c ****     /**ETH GPIO Configuration    
 164:Src/stm32f7xx_hal_msp.c ****     PC1     ------> ETH_MDC
 165:Src/stm32f7xx_hal_msp.c ****     PA1     ------> ETH_REF_CLK
 166:Src/stm32f7xx_hal_msp.c ****     PA2     ------> ETH_MDIO
 167:Src/stm32f7xx_hal_msp.c ****     PA7     ------> ETH_CRS_DV
 168:Src/stm32f7xx_hal_msp.c ****     PC4     ------> ETH_RXD0
 169:Src/stm32f7xx_hal_msp.c ****     PC5     ------> ETH_RXD1
 170:Src/stm32f7xx_hal_msp.c ****     PB13     ------> ETH_TXD1
 171:Src/stm32f7xx_hal_msp.c ****     PG11     ------> ETH_TX_EN
 172:Src/stm32f7xx_hal_msp.c ****     PG13     ------> ETH_TXD0 
 173:Src/stm32f7xx_hal_msp.c ****     */
 174:Src/stm32f7xx_hal_msp.c ****     HAL_GPIO_DeInit(GPIOC, RMII_MDC_Pin|RMII_RXD0_Pin|RMII_RXD1_Pin);
 175:Src/stm32f7xx_hal_msp.c **** 
 176:Src/stm32f7xx_hal_msp.c ****     HAL_GPIO_DeInit(GPIOA, RMII_REF_CLK_Pin|RMII_MDIO_Pin|RMII_CRS_DV_Pin);
 177:Src/stm32f7xx_hal_msp.c **** 
 178:Src/stm32f7xx_hal_msp.c ****     HAL_GPIO_DeInit(RMII_TXD1_GPIO_Port, RMII_TXD1_Pin);
 179:Src/stm32f7xx_hal_msp.c **** 
 180:Src/stm32f7xx_hal_msp.c ****     HAL_GPIO_DeInit(GPIOG, RMII_TX_EN_Pin|RMII_TXD0_Pin);
 181:Src/stm32f7xx_hal_msp.c **** 
 182:Src/stm32f7xx_hal_msp.c ****   /* USER CODE BEGIN ETH_MspDeInit 1 */
 183:Src/stm32f7xx_hal_msp.c **** 
 184:Src/stm32f7xx_hal_msp.c ****   /* USER CODE END ETH_MspDeInit 1 */
 185:Src/stm32f7xx_hal_msp.c ****   }
 186:Src/stm32f7xx_hal_msp.c **** 
 187:Src/stm32f7xx_hal_msp.c **** }
 364              		.loc 1 187 1 view .LVU106
 365 000a 08BD     		pop	{r3, pc}
ARM GAS  C:\Users\hungv\AppData\Local\Temp\ccEJgBr7.s 			page 12


 366              	.LVL10:
 367              	.L14:
 161:Src/stm32f7xx_hal_msp.c ****   
 368              		.loc 1 161 5 is_stmt 1 view .LVU107
 161:Src/stm32f7xx_hal_msp.c ****   
 369              		.loc 1 161 5 view .LVU108
 370 000c A3F59043 		sub	r3, r3, #18432
 371 0010 1A6B     		ldr	r2, [r3, #48]
 372 0012 22F08062 		bic	r2, r2, #67108864
 373 0016 1A63     		str	r2, [r3, #48]
 161:Src/stm32f7xx_hal_msp.c ****   
 374              		.loc 1 161 5 view .LVU109
 375 0018 1A6B     		ldr	r2, [r3, #48]
 376 001a 22F00062 		bic	r2, r2, #134217728
 377 001e 1A63     		str	r2, [r3, #48]
 161:Src/stm32f7xx_hal_msp.c ****   
 378              		.loc 1 161 5 view .LVU110
 379 0020 1A6B     		ldr	r2, [r3, #48]
 380 0022 22F00072 		bic	r2, r2, #33554432
 381 0026 1A63     		str	r2, [r3, #48]
 174:Src/stm32f7xx_hal_msp.c **** 
 382              		.loc 1 174 5 view .LVU111
 383 0028 3221     		movs	r1, #50
 384 002a 0A48     		ldr	r0, .L15+4
 385              	.LVL11:
 174:Src/stm32f7xx_hal_msp.c **** 
 386              		.loc 1 174 5 is_stmt 0 view .LVU112
 387 002c FFF7FEFF 		bl	HAL_GPIO_DeInit
 388              	.LVL12:
 176:Src/stm32f7xx_hal_msp.c **** 
 389              		.loc 1 176 5 is_stmt 1 view .LVU113
 390 0030 8621     		movs	r1, #134
 391 0032 0948     		ldr	r0, .L15+8
 392 0034 FFF7FEFF 		bl	HAL_GPIO_DeInit
 393              	.LVL13:
 178:Src/stm32f7xx_hal_msp.c **** 
 394              		.loc 1 178 5 view .LVU114
 395 0038 4FF40051 		mov	r1, #8192
 396 003c 0748     		ldr	r0, .L15+12
 397 003e FFF7FEFF 		bl	HAL_GPIO_DeInit
 398              	.LVL14:
 180:Src/stm32f7xx_hal_msp.c **** 
 399              		.loc 1 180 5 view .LVU115
 400 0042 4FF42051 		mov	r1, #10240
 401 0046 0648     		ldr	r0, .L15+16
 402 0048 FFF7FEFF 		bl	HAL_GPIO_DeInit
 403              	.LVL15:
 404              		.loc 1 187 1 is_stmt 0 view .LVU116
 405 004c DDE7     		b	.L11
 406              	.L16:
 407 004e 00BF     		.align	2
 408              	.L15:
 409 0050 00800240 		.word	1073905664
 410 0054 00080240 		.word	1073874944
 411 0058 00000240 		.word	1073872896
 412 005c 00040240 		.word	1073873920
 413 0060 00180240 		.word	1073879040
ARM GAS  C:\Users\hungv\AppData\Local\Temp\ccEJgBr7.s 			page 13


 414              		.cfi_endproc
 415              	.LFE143:
 417              		.section	.text.HAL_UART_MspInit,"ax",%progbits
 418              		.align	1
 419              		.global	HAL_UART_MspInit
 420              		.syntax unified
 421              		.thumb
 422              		.thumb_func
 423              		.fpu fpv5-d16
 425              	HAL_UART_MspInit:
 426              	.LVL16:
 427              	.LFB144:
 188:Src/stm32f7xx_hal_msp.c **** 
 189:Src/stm32f7xx_hal_msp.c **** /**
 190:Src/stm32f7xx_hal_msp.c **** * @brief UART MSP Initialization
 191:Src/stm32f7xx_hal_msp.c **** * This function configures the hardware resources used in this example
 192:Src/stm32f7xx_hal_msp.c **** * @param huart: UART handle pointer
 193:Src/stm32f7xx_hal_msp.c **** * @retval None
 194:Src/stm32f7xx_hal_msp.c **** */
 195:Src/stm32f7xx_hal_msp.c **** void HAL_UART_MspInit(UART_HandleTypeDef* huart)
 196:Src/stm32f7xx_hal_msp.c **** {
 428              		.loc 1 196 1 is_stmt 1 view -0
 429              		.cfi_startproc
 430              		@ args = 0, pretend = 0, frame = 32
 431              		@ frame_needed = 0, uses_anonymous_args = 0
 432              		.loc 1 196 1 is_stmt 0 view .LVU118
 433 0000 00B5     		push	{lr}
 434              	.LCFI7:
 435              		.cfi_def_cfa_offset 4
 436              		.cfi_offset 14, -4
 437 0002 89B0     		sub	sp, sp, #36
 438              	.LCFI8:
 439              		.cfi_def_cfa_offset 40
 197:Src/stm32f7xx_hal_msp.c ****   GPIO_InitTypeDef GPIO_InitStruct = {0};
 440              		.loc 1 197 3 is_stmt 1 view .LVU119
 441              		.loc 1 197 20 is_stmt 0 view .LVU120
 442 0004 0023     		movs	r3, #0
 443 0006 0393     		str	r3, [sp, #12]
 444 0008 0493     		str	r3, [sp, #16]
 445 000a 0593     		str	r3, [sp, #20]
 446 000c 0693     		str	r3, [sp, #24]
 447 000e 0793     		str	r3, [sp, #28]
 198:Src/stm32f7xx_hal_msp.c ****   if(huart->Instance==USART3)
 448              		.loc 1 198 3 is_stmt 1 view .LVU121
 449              		.loc 1 198 11 is_stmt 0 view .LVU122
 450 0010 0268     		ldr	r2, [r0]
 451              		.loc 1 198 5 view .LVU123
 452 0012 144B     		ldr	r3, .L21
 453 0014 9A42     		cmp	r2, r3
 454 0016 02D0     		beq	.L20
 455              	.LVL17:
 456              	.L17:
 199:Src/stm32f7xx_hal_msp.c ****   {
 200:Src/stm32f7xx_hal_msp.c ****   /* USER CODE BEGIN USART3_MspInit 0 */
 201:Src/stm32f7xx_hal_msp.c **** 
 202:Src/stm32f7xx_hal_msp.c ****   /* USER CODE END USART3_MspInit 0 */
 203:Src/stm32f7xx_hal_msp.c ****     /* Peripheral clock enable */
ARM GAS  C:\Users\hungv\AppData\Local\Temp\ccEJgBr7.s 			page 14


 204:Src/stm32f7xx_hal_msp.c ****     __HAL_RCC_USART3_CLK_ENABLE();
 205:Src/stm32f7xx_hal_msp.c ****   
 206:Src/stm32f7xx_hal_msp.c ****     __HAL_RCC_GPIOD_CLK_ENABLE();
 207:Src/stm32f7xx_hal_msp.c ****     /**USART3 GPIO Configuration    
 208:Src/stm32f7xx_hal_msp.c ****     PD8     ------> USART3_TX
 209:Src/stm32f7xx_hal_msp.c ****     PD9     ------> USART3_RX 
 210:Src/stm32f7xx_hal_msp.c ****     */
 211:Src/stm32f7xx_hal_msp.c ****     GPIO_InitStruct.Pin = STLK_RX_Pin|STLK_TX_Pin;
 212:Src/stm32f7xx_hal_msp.c ****     GPIO_InitStruct.Mode = GPIO_MODE_AF_PP;
 213:Src/stm32f7xx_hal_msp.c ****     GPIO_InitStruct.Pull = GPIO_NOPULL;
 214:Src/stm32f7xx_hal_msp.c ****     GPIO_InitStruct.Speed = GPIO_SPEED_FREQ_VERY_HIGH;
 215:Src/stm32f7xx_hal_msp.c ****     GPIO_InitStruct.Alternate = GPIO_AF7_USART3;
 216:Src/stm32f7xx_hal_msp.c ****     HAL_GPIO_Init(GPIOD, &GPIO_InitStruct);
 217:Src/stm32f7xx_hal_msp.c **** 
 218:Src/stm32f7xx_hal_msp.c ****   /* USER CODE BEGIN USART3_MspInit 1 */
 219:Src/stm32f7xx_hal_msp.c **** 
 220:Src/stm32f7xx_hal_msp.c ****   /* USER CODE END USART3_MspInit 1 */
 221:Src/stm32f7xx_hal_msp.c ****   }
 222:Src/stm32f7xx_hal_msp.c **** 
 223:Src/stm32f7xx_hal_msp.c **** }
 457              		.loc 1 223 1 view .LVU124
 458 0018 09B0     		add	sp, sp, #36
 459              	.LCFI9:
 460              		.cfi_remember_state
 461              		.cfi_def_cfa_offset 4
 462              		@ sp needed
 463 001a 5DF804FB 		ldr	pc, [sp], #4
 464              	.LVL18:
 465              	.L20:
 466              	.LCFI10:
 467              		.cfi_restore_state
 204:Src/stm32f7xx_hal_msp.c ****   
 468              		.loc 1 204 5 is_stmt 1 view .LVU125
 469              	.LBB11:
 204:Src/stm32f7xx_hal_msp.c ****   
 470              		.loc 1 204 5 view .LVU126
 204:Src/stm32f7xx_hal_msp.c ****   
 471              		.loc 1 204 5 view .LVU127
 472 001e 03F5F833 		add	r3, r3, #126976
 473 0022 1A6C     		ldr	r2, [r3, #64]
 474 0024 42F48022 		orr	r2, r2, #262144
 475 0028 1A64     		str	r2, [r3, #64]
 204:Src/stm32f7xx_hal_msp.c ****   
 476              		.loc 1 204 5 view .LVU128
 477 002a 1A6C     		ldr	r2, [r3, #64]
 478 002c 02F48022 		and	r2, r2, #262144
 479 0030 0192     		str	r2, [sp, #4]
 204:Src/stm32f7xx_hal_msp.c ****   
 480              		.loc 1 204 5 view .LVU129
 481 0032 019A     		ldr	r2, [sp, #4]
 482              	.LBE11:
 206:Src/stm32f7xx_hal_msp.c ****     /**USART3 GPIO Configuration    
 483              		.loc 1 206 5 view .LVU130
 484              	.LBB12:
 206:Src/stm32f7xx_hal_msp.c ****     /**USART3 GPIO Configuration    
 485              		.loc 1 206 5 view .LVU131
 206:Src/stm32f7xx_hal_msp.c ****     /**USART3 GPIO Configuration    
ARM GAS  C:\Users\hungv\AppData\Local\Temp\ccEJgBr7.s 			page 15


 486              		.loc 1 206 5 view .LVU132
 487 0034 1A6B     		ldr	r2, [r3, #48]
 488 0036 42F00802 		orr	r2, r2, #8
 489 003a 1A63     		str	r2, [r3, #48]
 206:Src/stm32f7xx_hal_msp.c ****     /**USART3 GPIO Configuration    
 490              		.loc 1 206 5 view .LVU133
 491 003c 1B6B     		ldr	r3, [r3, #48]
 492 003e 03F00803 		and	r3, r3, #8
 493 0042 0293     		str	r3, [sp, #8]
 206:Src/stm32f7xx_hal_msp.c ****     /**USART3 GPIO Configuration    
 494              		.loc 1 206 5 view .LVU134
 495 0044 029B     		ldr	r3, [sp, #8]
 496              	.LBE12:
 211:Src/stm32f7xx_hal_msp.c ****     GPIO_InitStruct.Mode = GPIO_MODE_AF_PP;
 497              		.loc 1 211 5 view .LVU135
 211:Src/stm32f7xx_hal_msp.c ****     GPIO_InitStruct.Mode = GPIO_MODE_AF_PP;
 498              		.loc 1 211 25 is_stmt 0 view .LVU136
 499 0046 4FF44073 		mov	r3, #768
 500 004a 0393     		str	r3, [sp, #12]
 212:Src/stm32f7xx_hal_msp.c ****     GPIO_InitStruct.Pull = GPIO_NOPULL;
 501              		.loc 1 212 5 is_stmt 1 view .LVU137
 212:Src/stm32f7xx_hal_msp.c ****     GPIO_InitStruct.Pull = GPIO_NOPULL;
 502              		.loc 1 212 26 is_stmt 0 view .LVU138
 503 004c 0223     		movs	r3, #2
 504 004e 0493     		str	r3, [sp, #16]
 213:Src/stm32f7xx_hal_msp.c ****     GPIO_InitStruct.Speed = GPIO_SPEED_FREQ_VERY_HIGH;
 505              		.loc 1 213 5 is_stmt 1 view .LVU139
 214:Src/stm32f7xx_hal_msp.c ****     GPIO_InitStruct.Alternate = GPIO_AF7_USART3;
 506              		.loc 1 214 5 view .LVU140
 214:Src/stm32f7xx_hal_msp.c ****     GPIO_InitStruct.Alternate = GPIO_AF7_USART3;
 507              		.loc 1 214 27 is_stmt 0 view .LVU141
 508 0050 0323     		movs	r3, #3
 509 0052 0693     		str	r3, [sp, #24]
 215:Src/stm32f7xx_hal_msp.c ****     HAL_GPIO_Init(GPIOD, &GPIO_InitStruct);
 510              		.loc 1 215 5 is_stmt 1 view .LVU142
 215:Src/stm32f7xx_hal_msp.c ****     HAL_GPIO_Init(GPIOD, &GPIO_InitStruct);
 511              		.loc 1 215 31 is_stmt 0 view .LVU143
 512 0054 0723     		movs	r3, #7
 513 0056 0793     		str	r3, [sp, #28]
 216:Src/stm32f7xx_hal_msp.c **** 
 514              		.loc 1 216 5 is_stmt 1 view .LVU144
 515 0058 03A9     		add	r1, sp, #12
 516 005a 0348     		ldr	r0, .L21+4
 517              	.LVL19:
 216:Src/stm32f7xx_hal_msp.c **** 
 518              		.loc 1 216 5 is_stmt 0 view .LVU145
 519 005c FFF7FEFF 		bl	HAL_GPIO_Init
 520              	.LVL20:
 521              		.loc 1 223 1 view .LVU146
 522 0060 DAE7     		b	.L17
 523              	.L22:
 524 0062 00BF     		.align	2
 525              	.L21:
 526 0064 00480040 		.word	1073760256
 527 0068 000C0240 		.word	1073875968
 528              		.cfi_endproc
 529              	.LFE144:
ARM GAS  C:\Users\hungv\AppData\Local\Temp\ccEJgBr7.s 			page 16


 531              		.section	.text.HAL_UART_MspDeInit,"ax",%progbits
 532              		.align	1
 533              		.global	HAL_UART_MspDeInit
 534              		.syntax unified
 535              		.thumb
 536              		.thumb_func
 537              		.fpu fpv5-d16
 539              	HAL_UART_MspDeInit:
 540              	.LVL21:
 541              	.LFB145:
 224:Src/stm32f7xx_hal_msp.c **** 
 225:Src/stm32f7xx_hal_msp.c **** /**
 226:Src/stm32f7xx_hal_msp.c **** * @brief UART MSP De-Initialization
 227:Src/stm32f7xx_hal_msp.c **** * This function freeze the hardware resources used in this example
 228:Src/stm32f7xx_hal_msp.c **** * @param huart: UART handle pointer
 229:Src/stm32f7xx_hal_msp.c **** * @retval None
 230:Src/stm32f7xx_hal_msp.c **** */
 231:Src/stm32f7xx_hal_msp.c **** void HAL_UART_MspDeInit(UART_HandleTypeDef* huart)
 232:Src/stm32f7xx_hal_msp.c **** {
 542              		.loc 1 232 1 is_stmt 1 view -0
 543              		.cfi_startproc
 544              		@ args = 0, pretend = 0, frame = 0
 545              		@ frame_needed = 0, uses_anonymous_args = 0
 546              		.loc 1 232 1 is_stmt 0 view .LVU148
 547 0000 08B5     		push	{r3, lr}
 548              	.LCFI11:
 549              		.cfi_def_cfa_offset 8
 550              		.cfi_offset 3, -8
 551              		.cfi_offset 14, -4
 233:Src/stm32f7xx_hal_msp.c ****   if(huart->Instance==USART3)
 552              		.loc 1 233 3 is_stmt 1 view .LVU149
 553              		.loc 1 233 11 is_stmt 0 view .LVU150
 554 0002 0268     		ldr	r2, [r0]
 555              		.loc 1 233 5 view .LVU151
 556 0004 074B     		ldr	r3, .L27
 557 0006 9A42     		cmp	r2, r3
 558 0008 00D0     		beq	.L26
 559              	.LVL22:
 560              	.L23:
 234:Src/stm32f7xx_hal_msp.c ****   {
 235:Src/stm32f7xx_hal_msp.c ****   /* USER CODE BEGIN USART3_MspDeInit 0 */
 236:Src/stm32f7xx_hal_msp.c **** 
 237:Src/stm32f7xx_hal_msp.c ****   /* USER CODE END USART3_MspDeInit 0 */
 238:Src/stm32f7xx_hal_msp.c ****     /* Peripheral clock disable */
 239:Src/stm32f7xx_hal_msp.c ****     __HAL_RCC_USART3_CLK_DISABLE();
 240:Src/stm32f7xx_hal_msp.c ****   
 241:Src/stm32f7xx_hal_msp.c ****     /**USART3 GPIO Configuration    
 242:Src/stm32f7xx_hal_msp.c ****     PD8     ------> USART3_TX
 243:Src/stm32f7xx_hal_msp.c ****     PD9     ------> USART3_RX 
 244:Src/stm32f7xx_hal_msp.c ****     */
 245:Src/stm32f7xx_hal_msp.c ****     HAL_GPIO_DeInit(GPIOD, STLK_RX_Pin|STLK_TX_Pin);
 246:Src/stm32f7xx_hal_msp.c **** 
 247:Src/stm32f7xx_hal_msp.c ****   /* USER CODE BEGIN USART3_MspDeInit 1 */
 248:Src/stm32f7xx_hal_msp.c **** 
 249:Src/stm32f7xx_hal_msp.c ****   /* USER CODE END USART3_MspDeInit 1 */
 250:Src/stm32f7xx_hal_msp.c ****   }
 251:Src/stm32f7xx_hal_msp.c **** 
ARM GAS  C:\Users\hungv\AppData\Local\Temp\ccEJgBr7.s 			page 17


 252:Src/stm32f7xx_hal_msp.c **** }
 561              		.loc 1 252 1 view .LVU152
 562 000a 08BD     		pop	{r3, pc}
 563              	.LVL23:
 564              	.L26:
 239:Src/stm32f7xx_hal_msp.c ****   
 565              		.loc 1 239 5 is_stmt 1 view .LVU153
 566 000c 064A     		ldr	r2, .L27+4
 567 000e 136C     		ldr	r3, [r2, #64]
 568 0010 23F48023 		bic	r3, r3, #262144
 569 0014 1364     		str	r3, [r2, #64]
 245:Src/stm32f7xx_hal_msp.c **** 
 570              		.loc 1 245 5 view .LVU154
 571 0016 4FF44071 		mov	r1, #768
 572 001a 0448     		ldr	r0, .L27+8
 573              	.LVL24:
 245:Src/stm32f7xx_hal_msp.c **** 
 574              		.loc 1 245 5 is_stmt 0 view .LVU155
 575 001c FFF7FEFF 		bl	HAL_GPIO_DeInit
 576              	.LVL25:
 577              		.loc 1 252 1 view .LVU156
 578 0020 F3E7     		b	.L23
 579              	.L28:
 580 0022 00BF     		.align	2
 581              	.L27:
 582 0024 00480040 		.word	1073760256
 583 0028 00380240 		.word	1073887232
 584 002c 000C0240 		.word	1073875968
 585              		.cfi_endproc
 586              	.LFE145:
 588              		.section	.text.HAL_PCD_MspInit,"ax",%progbits
 589              		.align	1
 590              		.global	HAL_PCD_MspInit
 591              		.syntax unified
 592              		.thumb
 593              		.thumb_func
 594              		.fpu fpv5-d16
 596              	HAL_PCD_MspInit:
 597              	.LVL26:
 598              	.LFB146:
 253:Src/stm32f7xx_hal_msp.c **** 
 254:Src/stm32f7xx_hal_msp.c **** /**
 255:Src/stm32f7xx_hal_msp.c **** * @brief PCD MSP Initialization
 256:Src/stm32f7xx_hal_msp.c **** * This function configures the hardware resources used in this example
 257:Src/stm32f7xx_hal_msp.c **** * @param hpcd: PCD handle pointer
 258:Src/stm32f7xx_hal_msp.c **** * @retval None
 259:Src/stm32f7xx_hal_msp.c **** */
 260:Src/stm32f7xx_hal_msp.c **** void HAL_PCD_MspInit(PCD_HandleTypeDef* hpcd)
 261:Src/stm32f7xx_hal_msp.c **** {
 599              		.loc 1 261 1 is_stmt 1 view -0
 600              		.cfi_startproc
 601              		@ args = 0, pretend = 0, frame = 32
 602              		@ frame_needed = 0, uses_anonymous_args = 0
 603              		.loc 1 261 1 is_stmt 0 view .LVU158
 604 0000 30B5     		push	{r4, r5, lr}
 605              	.LCFI12:
 606              		.cfi_def_cfa_offset 12
ARM GAS  C:\Users\hungv\AppData\Local\Temp\ccEJgBr7.s 			page 18


 607              		.cfi_offset 4, -12
 608              		.cfi_offset 5, -8
 609              		.cfi_offset 14, -4
 610 0002 89B0     		sub	sp, sp, #36
 611              	.LCFI13:
 612              		.cfi_def_cfa_offset 48
 262:Src/stm32f7xx_hal_msp.c ****   GPIO_InitTypeDef GPIO_InitStruct = {0};
 613              		.loc 1 262 3 is_stmt 1 view .LVU159
 614              		.loc 1 262 20 is_stmt 0 view .LVU160
 615 0004 0023     		movs	r3, #0
 616 0006 0393     		str	r3, [sp, #12]
 617 0008 0493     		str	r3, [sp, #16]
 618 000a 0593     		str	r3, [sp, #20]
 619 000c 0693     		str	r3, [sp, #24]
 620 000e 0793     		str	r3, [sp, #28]
 263:Src/stm32f7xx_hal_msp.c ****   if(hpcd->Instance==USB_OTG_FS)
 621              		.loc 1 263 3 is_stmt 1 view .LVU161
 622              		.loc 1 263 10 is_stmt 0 view .LVU162
 623 0010 0368     		ldr	r3, [r0]
 624              		.loc 1 263 5 view .LVU163
 625 0012 B3F1A04F 		cmp	r3, #1342177280
 626 0016 01D0     		beq	.L32
 627              	.LVL27:
 628              	.L29:
 264:Src/stm32f7xx_hal_msp.c ****   {
 265:Src/stm32f7xx_hal_msp.c ****   /* USER CODE BEGIN USB_OTG_FS_MspInit 0 */
 266:Src/stm32f7xx_hal_msp.c **** 
 267:Src/stm32f7xx_hal_msp.c ****   /* USER CODE END USB_OTG_FS_MspInit 0 */
 268:Src/stm32f7xx_hal_msp.c ****   
 269:Src/stm32f7xx_hal_msp.c ****     __HAL_RCC_GPIOA_CLK_ENABLE();
 270:Src/stm32f7xx_hal_msp.c ****     /**USB_OTG_FS GPIO Configuration    
 271:Src/stm32f7xx_hal_msp.c ****     PA8     ------> USB_OTG_FS_SOF
 272:Src/stm32f7xx_hal_msp.c ****     PA9     ------> USB_OTG_FS_VBUS
 273:Src/stm32f7xx_hal_msp.c ****     PA10     ------> USB_OTG_FS_ID
 274:Src/stm32f7xx_hal_msp.c ****     PA11     ------> USB_OTG_FS_DM
 275:Src/stm32f7xx_hal_msp.c ****     PA12     ------> USB_OTG_FS_DP 
 276:Src/stm32f7xx_hal_msp.c ****     */
 277:Src/stm32f7xx_hal_msp.c ****     GPIO_InitStruct.Pin = USB_SOF_Pin|USB_ID_Pin|USB_DM_Pin|USB_DP_Pin;
 278:Src/stm32f7xx_hal_msp.c ****     GPIO_InitStruct.Mode = GPIO_MODE_AF_PP;
 279:Src/stm32f7xx_hal_msp.c ****     GPIO_InitStruct.Pull = GPIO_NOPULL;
 280:Src/stm32f7xx_hal_msp.c ****     GPIO_InitStruct.Speed = GPIO_SPEED_FREQ_VERY_HIGH;
 281:Src/stm32f7xx_hal_msp.c ****     GPIO_InitStruct.Alternate = GPIO_AF10_OTG_FS;
 282:Src/stm32f7xx_hal_msp.c ****     HAL_GPIO_Init(GPIOA, &GPIO_InitStruct);
 283:Src/stm32f7xx_hal_msp.c **** 
 284:Src/stm32f7xx_hal_msp.c ****     GPIO_InitStruct.Pin = USB_VBUS_Pin;
 285:Src/stm32f7xx_hal_msp.c ****     GPIO_InitStruct.Mode = GPIO_MODE_INPUT;
 286:Src/stm32f7xx_hal_msp.c ****     GPIO_InitStruct.Pull = GPIO_NOPULL;
 287:Src/stm32f7xx_hal_msp.c ****     HAL_GPIO_Init(USB_VBUS_GPIO_Port, &GPIO_InitStruct);
 288:Src/stm32f7xx_hal_msp.c **** 
 289:Src/stm32f7xx_hal_msp.c ****     /* Peripheral clock enable */
 290:Src/stm32f7xx_hal_msp.c ****     __HAL_RCC_USB_OTG_FS_CLK_ENABLE();
 291:Src/stm32f7xx_hal_msp.c ****   /* USER CODE BEGIN USB_OTG_FS_MspInit 1 */
 292:Src/stm32f7xx_hal_msp.c **** 
 293:Src/stm32f7xx_hal_msp.c ****   /* USER CODE END USB_OTG_FS_MspInit 1 */
 294:Src/stm32f7xx_hal_msp.c ****   }
 295:Src/stm32f7xx_hal_msp.c **** 
 296:Src/stm32f7xx_hal_msp.c **** }
ARM GAS  C:\Users\hungv\AppData\Local\Temp\ccEJgBr7.s 			page 19


 629              		.loc 1 296 1 view .LVU164
 630 0018 09B0     		add	sp, sp, #36
 631              	.LCFI14:
 632              		.cfi_remember_state
 633              		.cfi_def_cfa_offset 12
 634              		@ sp needed
 635 001a 30BD     		pop	{r4, r5, pc}
 636              	.LVL28:
 637              	.L32:
 638              	.LCFI15:
 639              		.cfi_restore_state
 269:Src/stm32f7xx_hal_msp.c ****     /**USB_OTG_FS GPIO Configuration    
 640              		.loc 1 269 5 is_stmt 1 view .LVU165
 641              	.LBB13:
 269:Src/stm32f7xx_hal_msp.c ****     /**USB_OTG_FS GPIO Configuration    
 642              		.loc 1 269 5 view .LVU166
 269:Src/stm32f7xx_hal_msp.c ****     /**USB_OTG_FS GPIO Configuration    
 643              		.loc 1 269 5 view .LVU167
 644 001c 1A4C     		ldr	r4, .L33
 645 001e 236B     		ldr	r3, [r4, #48]
 646 0020 43F00103 		orr	r3, r3, #1
 647 0024 2363     		str	r3, [r4, #48]
 269:Src/stm32f7xx_hal_msp.c ****     /**USB_OTG_FS GPIO Configuration    
 648              		.loc 1 269 5 view .LVU168
 649 0026 236B     		ldr	r3, [r4, #48]
 650 0028 03F00103 		and	r3, r3, #1
 651 002c 0093     		str	r3, [sp]
 269:Src/stm32f7xx_hal_msp.c ****     /**USB_OTG_FS GPIO Configuration    
 652              		.loc 1 269 5 view .LVU169
 653 002e 009B     		ldr	r3, [sp]
 654              	.LBE13:
 277:Src/stm32f7xx_hal_msp.c ****     GPIO_InitStruct.Mode = GPIO_MODE_AF_PP;
 655              		.loc 1 277 5 view .LVU170
 277:Src/stm32f7xx_hal_msp.c ****     GPIO_InitStruct.Mode = GPIO_MODE_AF_PP;
 656              		.loc 1 277 25 is_stmt 0 view .LVU171
 657 0030 4FF4E853 		mov	r3, #7424
 658 0034 0393     		str	r3, [sp, #12]
 278:Src/stm32f7xx_hal_msp.c ****     GPIO_InitStruct.Pull = GPIO_NOPULL;
 659              		.loc 1 278 5 is_stmt 1 view .LVU172
 278:Src/stm32f7xx_hal_msp.c ****     GPIO_InitStruct.Pull = GPIO_NOPULL;
 660              		.loc 1 278 26 is_stmt 0 view .LVU173
 661 0036 0223     		movs	r3, #2
 662 0038 0493     		str	r3, [sp, #16]
 279:Src/stm32f7xx_hal_msp.c ****     GPIO_InitStruct.Speed = GPIO_SPEED_FREQ_VERY_HIGH;
 663              		.loc 1 279 5 is_stmt 1 view .LVU174
 280:Src/stm32f7xx_hal_msp.c ****     GPIO_InitStruct.Alternate = GPIO_AF10_OTG_FS;
 664              		.loc 1 280 5 view .LVU175
 280:Src/stm32f7xx_hal_msp.c ****     GPIO_InitStruct.Alternate = GPIO_AF10_OTG_FS;
 665              		.loc 1 280 27 is_stmt 0 view .LVU176
 666 003a 0323     		movs	r3, #3
 667 003c 0693     		str	r3, [sp, #24]
 281:Src/stm32f7xx_hal_msp.c ****     HAL_GPIO_Init(GPIOA, &GPIO_InitStruct);
 668              		.loc 1 281 5 is_stmt 1 view .LVU177
 281:Src/stm32f7xx_hal_msp.c ****     HAL_GPIO_Init(GPIOA, &GPIO_InitStruct);
 669              		.loc 1 281 31 is_stmt 0 view .LVU178
 670 003e 0A23     		movs	r3, #10
 671 0040 0793     		str	r3, [sp, #28]
ARM GAS  C:\Users\hungv\AppData\Local\Temp\ccEJgBr7.s 			page 20


 282:Src/stm32f7xx_hal_msp.c **** 
 672              		.loc 1 282 5 is_stmt 1 view .LVU179
 673 0042 124D     		ldr	r5, .L33+4
 674 0044 03A9     		add	r1, sp, #12
 675 0046 2846     		mov	r0, r5
 676              	.LVL29:
 282:Src/stm32f7xx_hal_msp.c **** 
 677              		.loc 1 282 5 is_stmt 0 view .LVU180
 678 0048 FFF7FEFF 		bl	HAL_GPIO_Init
 679              	.LVL30:
 284:Src/stm32f7xx_hal_msp.c ****     GPIO_InitStruct.Mode = GPIO_MODE_INPUT;
 680              		.loc 1 284 5 is_stmt 1 view .LVU181
 284:Src/stm32f7xx_hal_msp.c ****     GPIO_InitStruct.Mode = GPIO_MODE_INPUT;
 681              		.loc 1 284 25 is_stmt 0 view .LVU182
 682 004c 4FF40073 		mov	r3, #512
 683 0050 0393     		str	r3, [sp, #12]
 285:Src/stm32f7xx_hal_msp.c ****     GPIO_InitStruct.Pull = GPIO_NOPULL;
 684              		.loc 1 285 5 is_stmt 1 view .LVU183
 285:Src/stm32f7xx_hal_msp.c ****     GPIO_InitStruct.Pull = GPIO_NOPULL;
 685              		.loc 1 285 26 is_stmt 0 view .LVU184
 686 0052 0023     		movs	r3, #0
 687 0054 0493     		str	r3, [sp, #16]
 286:Src/stm32f7xx_hal_msp.c ****     HAL_GPIO_Init(USB_VBUS_GPIO_Port, &GPIO_InitStruct);
 688              		.loc 1 286 5 is_stmt 1 view .LVU185
 286:Src/stm32f7xx_hal_msp.c ****     HAL_GPIO_Init(USB_VBUS_GPIO_Port, &GPIO_InitStruct);
 689              		.loc 1 286 26 is_stmt 0 view .LVU186
 690 0056 0593     		str	r3, [sp, #20]
 287:Src/stm32f7xx_hal_msp.c **** 
 691              		.loc 1 287 5 is_stmt 1 view .LVU187
 692 0058 03A9     		add	r1, sp, #12
 693 005a 2846     		mov	r0, r5
 694 005c FFF7FEFF 		bl	HAL_GPIO_Init
 695              	.LVL31:
 290:Src/stm32f7xx_hal_msp.c ****   /* USER CODE BEGIN USB_OTG_FS_MspInit 1 */
 696              		.loc 1 290 5 view .LVU188
 697              	.LBB14:
 290:Src/stm32f7xx_hal_msp.c ****   /* USER CODE BEGIN USB_OTG_FS_MspInit 1 */
 698              		.loc 1 290 5 view .LVU189
 290:Src/stm32f7xx_hal_msp.c ****   /* USER CODE BEGIN USB_OTG_FS_MspInit 1 */
 699              		.loc 1 290 5 view .LVU190
 700 0060 636B     		ldr	r3, [r4, #52]
 701 0062 43F08003 		orr	r3, r3, #128
 702 0066 6363     		str	r3, [r4, #52]
 290:Src/stm32f7xx_hal_msp.c ****   /* USER CODE BEGIN USB_OTG_FS_MspInit 1 */
 703              		.loc 1 290 5 view .LVU191
 704 0068 636B     		ldr	r3, [r4, #52]
 705 006a 03F08003 		and	r3, r3, #128
 706 006e 0193     		str	r3, [sp, #4]
 290:Src/stm32f7xx_hal_msp.c ****   /* USER CODE BEGIN USB_OTG_FS_MspInit 1 */
 707              		.loc 1 290 5 view .LVU192
 708 0070 019B     		ldr	r3, [sp, #4]
 290:Src/stm32f7xx_hal_msp.c ****   /* USER CODE BEGIN USB_OTG_FS_MspInit 1 */
 709              		.loc 1 290 5 view .LVU193
 710              	.LBB15:
 290:Src/stm32f7xx_hal_msp.c ****   /* USER CODE BEGIN USB_OTG_FS_MspInit 1 */
 711              		.loc 1 290 5 view .LVU194
 290:Src/stm32f7xx_hal_msp.c ****   /* USER CODE BEGIN USB_OTG_FS_MspInit 1 */
ARM GAS  C:\Users\hungv\AppData\Local\Temp\ccEJgBr7.s 			page 21


 712              		.loc 1 290 5 view .LVU195
 713 0072 636C     		ldr	r3, [r4, #68]
 714 0074 43F48043 		orr	r3, r3, #16384
 715 0078 6364     		str	r3, [r4, #68]
 290:Src/stm32f7xx_hal_msp.c ****   /* USER CODE BEGIN USB_OTG_FS_MspInit 1 */
 716              		.loc 1 290 5 view .LVU196
 717 007a 636C     		ldr	r3, [r4, #68]
 718 007c 03F48043 		and	r3, r3, #16384
 719 0080 0293     		str	r3, [sp, #8]
 290:Src/stm32f7xx_hal_msp.c ****   /* USER CODE BEGIN USB_OTG_FS_MspInit 1 */
 720              		.loc 1 290 5 view .LVU197
 721 0082 029B     		ldr	r3, [sp, #8]
 722              	.LBE15:
 723              	.LBE14:
 724              		.loc 1 296 1 is_stmt 0 view .LVU198
 725 0084 C8E7     		b	.L29
 726              	.L34:
 727 0086 00BF     		.align	2
 728              	.L33:
 729 0088 00380240 		.word	1073887232
 730 008c 00000240 		.word	1073872896
 731              		.cfi_endproc
 732              	.LFE146:
 734              		.section	.text.HAL_PCD_MspDeInit,"ax",%progbits
 735              		.align	1
 736              		.global	HAL_PCD_MspDeInit
 737              		.syntax unified
 738              		.thumb
 739              		.thumb_func
 740              		.fpu fpv5-d16
 742              	HAL_PCD_MspDeInit:
 743              	.LVL32:
 744              	.LFB147:
 297:Src/stm32f7xx_hal_msp.c **** 
 298:Src/stm32f7xx_hal_msp.c **** /**
 299:Src/stm32f7xx_hal_msp.c **** * @brief PCD MSP De-Initialization
 300:Src/stm32f7xx_hal_msp.c **** * This function freeze the hardware resources used in this example
 301:Src/stm32f7xx_hal_msp.c **** * @param hpcd: PCD handle pointer
 302:Src/stm32f7xx_hal_msp.c **** * @retval None
 303:Src/stm32f7xx_hal_msp.c **** */
 304:Src/stm32f7xx_hal_msp.c **** void HAL_PCD_MspDeInit(PCD_HandleTypeDef* hpcd)
 305:Src/stm32f7xx_hal_msp.c **** {
 745              		.loc 1 305 1 is_stmt 1 view -0
 746              		.cfi_startproc
 747              		@ args = 0, pretend = 0, frame = 0
 748              		@ frame_needed = 0, uses_anonymous_args = 0
 749              		.loc 1 305 1 is_stmt 0 view .LVU200
 750 0000 08B5     		push	{r3, lr}
 751              	.LCFI16:
 752              		.cfi_def_cfa_offset 8
 753              		.cfi_offset 3, -8
 754              		.cfi_offset 14, -4
 306:Src/stm32f7xx_hal_msp.c ****   if(hpcd->Instance==USB_OTG_FS)
 755              		.loc 1 306 3 is_stmt 1 view .LVU201
 756              		.loc 1 306 10 is_stmt 0 view .LVU202
 757 0002 0368     		ldr	r3, [r0]
 758              		.loc 1 306 5 view .LVU203
ARM GAS  C:\Users\hungv\AppData\Local\Temp\ccEJgBr7.s 			page 22


 759 0004 B3F1A04F 		cmp	r3, #1342177280
 760 0008 00D0     		beq	.L38
 761              	.LVL33:
 762              	.L35:
 307:Src/stm32f7xx_hal_msp.c ****   {
 308:Src/stm32f7xx_hal_msp.c ****   /* USER CODE BEGIN USB_OTG_FS_MspDeInit 0 */
 309:Src/stm32f7xx_hal_msp.c **** 
 310:Src/stm32f7xx_hal_msp.c ****   /* USER CODE END USB_OTG_FS_MspDeInit 0 */
 311:Src/stm32f7xx_hal_msp.c ****     /* Peripheral clock disable */
 312:Src/stm32f7xx_hal_msp.c ****     __HAL_RCC_USB_OTG_FS_CLK_DISABLE();
 313:Src/stm32f7xx_hal_msp.c ****   
 314:Src/stm32f7xx_hal_msp.c ****     /**USB_OTG_FS GPIO Configuration    
 315:Src/stm32f7xx_hal_msp.c ****     PA8     ------> USB_OTG_FS_SOF
 316:Src/stm32f7xx_hal_msp.c ****     PA9     ------> USB_OTG_FS_VBUS
 317:Src/stm32f7xx_hal_msp.c ****     PA10     ------> USB_OTG_FS_ID
 318:Src/stm32f7xx_hal_msp.c ****     PA11     ------> USB_OTG_FS_DM
 319:Src/stm32f7xx_hal_msp.c ****     PA12     ------> USB_OTG_FS_DP 
 320:Src/stm32f7xx_hal_msp.c ****     */
 321:Src/stm32f7xx_hal_msp.c ****     HAL_GPIO_DeInit(GPIOA, USB_SOF_Pin|USB_VBUS_Pin|USB_ID_Pin|USB_DM_Pin 
 322:Src/stm32f7xx_hal_msp.c ****                           |USB_DP_Pin);
 323:Src/stm32f7xx_hal_msp.c **** 
 324:Src/stm32f7xx_hal_msp.c ****   /* USER CODE BEGIN USB_OTG_FS_MspDeInit 1 */
 325:Src/stm32f7xx_hal_msp.c **** 
 326:Src/stm32f7xx_hal_msp.c ****   /* USER CODE END USB_OTG_FS_MspDeInit 1 */
 327:Src/stm32f7xx_hal_msp.c ****   }
 328:Src/stm32f7xx_hal_msp.c **** 
 329:Src/stm32f7xx_hal_msp.c **** }
 763              		.loc 1 329 1 view .LVU204
 764 000a 08BD     		pop	{r3, pc}
 765              	.LVL34:
 766              	.L38:
 312:Src/stm32f7xx_hal_msp.c ****   
 767              		.loc 1 312 5 is_stmt 1 view .LVU205
 768 000c 054A     		ldr	r2, .L39
 769 000e 536B     		ldr	r3, [r2, #52]
 770 0010 23F08003 		bic	r3, r3, #128
 771 0014 5363     		str	r3, [r2, #52]
 321:Src/stm32f7xx_hal_msp.c ****                           |USB_DP_Pin);
 772              		.loc 1 321 5 view .LVU206
 773 0016 4FF4F851 		mov	r1, #7936
 774 001a 0348     		ldr	r0, .L39+4
 775              	.LVL35:
 321:Src/stm32f7xx_hal_msp.c ****                           |USB_DP_Pin);
 776              		.loc 1 321 5 is_stmt 0 view .LVU207
 777 001c FFF7FEFF 		bl	HAL_GPIO_DeInit
 778              	.LVL36:
 779              		.loc 1 329 1 view .LVU208
 780 0020 F3E7     		b	.L35
 781              	.L40:
 782 0022 00BF     		.align	2
 783              	.L39:
 784 0024 00380240 		.word	1073887232
 785 0028 00000240 		.word	1073872896
 786              		.cfi_endproc
 787              	.LFE147:
 789              		.text
 790              	.Letext0:
ARM GAS  C:\Users\hungv\AppData\Local\Temp\ccEJgBr7.s 			page 23


 791              		.file 2 "c:\\users\\hungv\\appdata\\roaming\\xpacks\\@gnu-mcu-eclipse\\arm-none-eabi-gcc\\8.2.1-1.
 792              		.file 3 "c:\\users\\hungv\\appdata\\roaming\\xpacks\\@gnu-mcu-eclipse\\arm-none-eabi-gcc\\8.2.1-1.
 793              		.file 4 "Drivers/CMSIS/Include/core_cm7.h"
 794              		.file 5 "Drivers/CMSIS/Device/ST/STM32F7xx/Include/system_stm32f7xx.h"
 795              		.file 6 "Drivers/CMSIS/Device/ST/STM32F7xx/Include/stm32f767xx.h"
 796              		.file 7 "Drivers/STM32F7xx_HAL_Driver/Inc/stm32f7xx_hal_def.h"
 797              		.file 8 "Drivers/STM32F7xx_HAL_Driver/Inc/stm32f7xx_hal_gpio.h"
 798              		.file 9 "Drivers/STM32F7xx_HAL_Driver/Inc/stm32f7xx_hal_dma.h"
 799              		.file 10 "Drivers/STM32F7xx_HAL_Driver/Inc/stm32f7xx_hal_eth.h"
 800              		.file 11 "Drivers/STM32F7xx_HAL_Driver/Inc/stm32f7xx_hal_uart.h"
 801              		.file 12 "Drivers/STM32F7xx_HAL_Driver/Inc/stm32f7xx_ll_usb.h"
 802              		.file 13 "Drivers/STM32F7xx_HAL_Driver/Inc/stm32f7xx_hal_pcd.h"
 803              		.file 14 "Drivers/STM32F7xx_HAL_Driver/Inc/stm32f7xx_hal.h"
ARM GAS  C:\Users\hungv\AppData\Local\Temp\ccEJgBr7.s 			page 24


DEFINED SYMBOLS
                            *ABS*:0000000000000000 stm32f7xx_hal_msp.c
C:\Users\hungv\AppData\Local\Temp\ccEJgBr7.s:17     .text.HAL_MspInit:0000000000000000 $t
C:\Users\hungv\AppData\Local\Temp\ccEJgBr7.s:25     .text.HAL_MspInit:0000000000000000 HAL_MspInit
C:\Users\hungv\AppData\Local\Temp\ccEJgBr7.s:74     .text.HAL_MspInit:000000000000002c $d
C:\Users\hungv\AppData\Local\Temp\ccEJgBr7.s:79     .text.HAL_ETH_MspInit:0000000000000000 $t
C:\Users\hungv\AppData\Local\Temp\ccEJgBr7.s:86     .text.HAL_ETH_MspInit:0000000000000000 HAL_ETH_MspInit
C:\Users\hungv\AppData\Local\Temp\ccEJgBr7.s:326    .text.HAL_ETH_MspInit:00000000000000fc $d
C:\Users\hungv\AppData\Local\Temp\ccEJgBr7.s:335    .text.HAL_ETH_MspDeInit:0000000000000000 $t
C:\Users\hungv\AppData\Local\Temp\ccEJgBr7.s:342    .text.HAL_ETH_MspDeInit:0000000000000000 HAL_ETH_MspDeInit
C:\Users\hungv\AppData\Local\Temp\ccEJgBr7.s:409    .text.HAL_ETH_MspDeInit:0000000000000050 $d
C:\Users\hungv\AppData\Local\Temp\ccEJgBr7.s:418    .text.HAL_UART_MspInit:0000000000000000 $t
C:\Users\hungv\AppData\Local\Temp\ccEJgBr7.s:425    .text.HAL_UART_MspInit:0000000000000000 HAL_UART_MspInit
C:\Users\hungv\AppData\Local\Temp\ccEJgBr7.s:526    .text.HAL_UART_MspInit:0000000000000064 $d
C:\Users\hungv\AppData\Local\Temp\ccEJgBr7.s:532    .text.HAL_UART_MspDeInit:0000000000000000 $t
C:\Users\hungv\AppData\Local\Temp\ccEJgBr7.s:539    .text.HAL_UART_MspDeInit:0000000000000000 HAL_UART_MspDeInit
C:\Users\hungv\AppData\Local\Temp\ccEJgBr7.s:582    .text.HAL_UART_MspDeInit:0000000000000024 $d
C:\Users\hungv\AppData\Local\Temp\ccEJgBr7.s:589    .text.HAL_PCD_MspInit:0000000000000000 $t
C:\Users\hungv\AppData\Local\Temp\ccEJgBr7.s:596    .text.HAL_PCD_MspInit:0000000000000000 HAL_PCD_MspInit
C:\Users\hungv\AppData\Local\Temp\ccEJgBr7.s:729    .text.HAL_PCD_MspInit:0000000000000088 $d
C:\Users\hungv\AppData\Local\Temp\ccEJgBr7.s:735    .text.HAL_PCD_MspDeInit:0000000000000000 $t
C:\Users\hungv\AppData\Local\Temp\ccEJgBr7.s:742    .text.HAL_PCD_MspDeInit:0000000000000000 HAL_PCD_MspDeInit
C:\Users\hungv\AppData\Local\Temp\ccEJgBr7.s:784    .text.HAL_PCD_MspDeInit:0000000000000024 $d

UNDEFINED SYMBOLS
HAL_GPIO_Init
HAL_GPIO_DeInit
